info it worked if it ends with ok
verbose cli [ '/usr/local/bin/node',
verbose cli   '/usr/local/bin/npm',
verbose cli   'install',
verbose cli   '-g',
verbose cli   '../faye' ]
info using npm@1.1.0-2
info using node@v0.8.0
verbose config file /root/.npmrc
verbose config file /usr/local/etc/npmrc
verbose config file /usr/local/lib/node_modules/npm/npmrc
silly exec /usr/local/bin/node "/usr/local/lib/node_modules/npm/bin/npm-get-uid-gid.js" "nobody" 500
silly spawning [ '/usr/local/bin/node',
silly spawning   [ '/usr/local/lib/node_modules/npm/bin/npm-get-uid-gid.js',
silly spawning     'nobody',
silly spawning     500 ],
silly spawning   null ]
silly output from getuid/gid {"uid":99,"gid":500}
silly output from getuid/gid 
verbose cache add [ '../faye', null ]
silly cache add: name, spec, args [ undefined, '../faye', [ '../faye', null ] ]
verbose parsed url { pathname: '../faye', path: '../faye', href: '../faye' }
ERR! Could not install: ../faye
ERR! Error: ENOENT, stat '../faye'
ERR! You may report this log at:
ERR!     <http://github.com/isaacs/npm/issues>
ERR! or email it to:
ERR!     <npm-@googlegroups.com>
ERR! 
ERR! System Linux 4.1.7-15.23.amzn1.x86_64
ERR! command "/usr/local/bin/node" "/usr/local/bin/npm" "install" "-g" "../faye"
ERR! cwd /var/node
ERR! node -v v0.8.0
ERR! npm -v 1.1.0-2
ERR! path ../faye
ERR! code ENOENT
ERR! message ENOENT, stat '../faye'
ERR! errno {}
verbose exit [ 1, true ]
